Using pre-set license
Built from '2020.3/staging' branch; Version is '2020.3.24f1 (79c78de19888) revision 7980941'; Using compiler version '192528614'; Build Type 'Release'
OS: 'Windows 11  (10.0.22000) 64bit CoreSingleLanguage' Language: 'en' Physical Memory: 16259 MB
BatchMode: 1, IsHumanControllingUs: 0, StartBugReporterOnCrash: 0, Is64bit: 1, IsPro: 0

COMMAND LINE ARGUMENTS:
D:\Virtual Reality\2020.3.24f1\Editor\Unity.exe
-adb2
-batchMode
-noUpm
-name
AssetImportWorker0
-projectPath
D:/Virtual Reality/Project Latihan/My First AR-Detect image
-logFile
Logs/AssetImportWorker0.log
-srvPort
54574
Successfully changed project path to: D:/Virtual Reality/Project Latihan/My First AR-Detect image
D:/Virtual Reality/Project Latihan/My First AR-Detect image
Using Asset Import Pipeline V2.
Refreshing native plugins compatible for Editor in 34.78 ms, found 2 plugins.
Preloading 0 native plugins for Editor in 0.00 ms.
Initialize engine version: 2020.3.24f1 (79c78de19888)
[Subsystems] Discovering subsystems at path D:/Virtual Reality/2020.3.24f1/Editor/Data/Resources/UnitySubsystems
[Subsystems] Discovering subsystems at path D:/Virtual Reality/Project Latihan/My First AR-Detect image/Assets
GfxDevice: creating device client; threaded=0
Direct3D:
    Version:  Direct3D 11.0 [level 11.1]
    Renderer: NVIDIA GeForce GTX 1660 Ti (ID=0x2191)
    Vendor:   
    VRAM:     5991 MB
    Driver:   27.21.14.6280
Initialize mono
Mono path[0] = 'D:/Virtual Reality/2020.3.24f1/Editor/Data/Managed'
Mono path[1] = 'D:/Virtual Reality/2020.3.24f1/Editor/Data/MonoBleedingEdge/lib/mono/unityjit'
Mono config path = 'D:/Virtual Reality/2020.3.24f1/Editor/Data/MonoBleedingEdge/etc'
Using monoOptions --debugger-agent=transport=dt_socket,embedding=1,server=y,suspend=n,address=127.0.0.1:56980
Begin MonoManager ReloadAssembly
Registering precompiled unity dll's ...
Register platform support module: D:/Virtual Reality/2020.3.24f1/Editor/Data/PlaybackEngines/WebGLSupport/UnityEditor.WebGL.Extensions.dll
Register platform support module: D:/Virtual Reality/2020.3.24f1/Editor/Data/PlaybackEngines/WindowsStandaloneSupport/UnityEditor.WindowsStandalone.Extensions.dll
Registered in 0.000924 seconds.
Native extension for WindowsStandalone target not found
Native extension for WebGL target not found
Refreshing native plugins compatible for Editor in 32.50 ms, found 2 plugins.
Preloading 0 native plugins for Editor in 0.00 ms.
Mono: successfully reloaded assembly
- Completed reload, in  0.528 seconds
Domain Reload Profiling:
	ReloadAssembly (528ms)
		BeginReloadAssembly (51ms)
			ExecutionOrderSort (0ms)
			DisableScriptedObjects (0ms)
			BackupInstance (0ms)
			ReleaseScriptingObjects (0ms)
			CreateAndSetChildDomain (1ms)
		EndReloadAssembly (415ms)
			LoadAssemblies (51ms)
			RebuildTransferFunctionScriptingTraits (0ms)
			SetupTypeCache (144ms)
			ReleaseScriptCaches (0ms)
			RebuildScriptCaches (30ms)
			SetupLoadedEditorAssemblies (153ms)
				LogAssemblyErrors (0ms)
				InitializePlatformSupportModulesInManaged (4ms)
				SetLoadedEditorAssemblies (0ms)
				RefreshPlugins (33ms)
				BeforeProcessingInitializeOnLoad (15ms)
				ProcessInitializeOnLoadAttributes (77ms)
				ProcessInitializeOnLoadMethodAttributes (25ms)
				AfterProcessingInitializeOnLoad (0ms)
				EditorAssembliesLoaded (0ms)
			ExecutionOrderSort2 (0ms)
			AwakeInstancesAfterBackupRestoration (0ms)
Platform modules already initialized, skipping
Registering precompiled user dll's ...
Registered in 0.002696 seconds.
Begin MonoManager ReloadAssembly
Native extension for WindowsStandalone target not found
Native extension for WebGL target not found
Refreshing native plugins compatible for Editor in 0.49 ms, found 2 plugins.
Preloading 0 native plugins for Editor in 0.00 ms.
Mono: successfully reloaded assembly
- Completed reload, in  0.940 seconds
Domain Reload Profiling:
	ReloadAssembly (940ms)
		BeginReloadAssembly (134ms)
			ExecutionOrderSort (0ms)
			DisableScriptedObjects (4ms)
			BackupInstance (0ms)
			ReleaseScriptingObjects (0ms)
			CreateAndSetChildDomain (17ms)
		EndReloadAssembly (756ms)
			LoadAssemblies (82ms)
			RebuildTransferFunctionScriptingTraits (0ms)
			SetupTypeCache (266ms)
			ReleaseScriptCaches (0ms)
			RebuildScriptCaches (42ms)
			SetupLoadedEditorAssemblies (281ms)
				LogAssemblyErrors (0ms)
				InitializePlatformSupportModulesInManaged (5ms)
				SetLoadedEditorAssemblies (2ms)
				RefreshPlugins (1ms)
				BeforeProcessingInitializeOnLoad (76ms)
				ProcessInitializeOnLoadAttributes (189ms)
				ProcessInitializeOnLoadMethodAttributes (7ms)
				AfterProcessingInitializeOnLoad (1ms)
				EditorAssembliesLoaded (0ms)
			ExecutionOrderSort2 (0ms)
			AwakeInstancesAfterBackupRestoration (6ms)
Platform modules already initialized, skipping
========================================================================
Worker process is ready to serve import requests
Launched and connected shader compiler UnityShaderCompiler.exe after 0.03 seconds
Refreshing native plugins compatible for Editor in 0.35 ms, found 2 plugins.
Preloading 0 native plugins for Editor in 0.00 ms.
Unloading 1849 Unused Serialized files (Serialized files now loaded: 0)
System memory in use before: 79.0 MB.
System memory in use after: 79.1 MB.

Unloading 21 unused Assets to reduce memory usage. Loaded Objects now: 2280.
Total: 2.802600 ms (FindLiveObjects: 0.142500 ms CreateObjectMapping: 0.051100 ms MarkObjects: 2.508000 ms  DeleteObjects: 0.100200 ms)

AssetImportParameters requested are different than current active one (requested -> active):
  custom:framework-win-MediaFoundation: 216162199b28c13a410421893ffa2e32 -> 
  custom:video-decoder-ogg-theora: a1e56fd34408186e4bbccfd4996cb3dc -> 
  custom:container-muxer-webm: aa71ff27fc2769a1b78a27578f13a17b -> 
  custom:container-demuxer-webm: 4f35f7cbe854078d1ac9338744f61a02 -> 
  custom:container-demuxer-ogg: 62fdf1f143b41e24485cea50d1cbac27 -> 
  custom:video-encoder-webm-vp8: eb34c28f22e8b96e1ab97ce403110664 -> 
  custom:video-codec-MediaFoundation-h265: 746d11721c4dcdbdad8f713fa42b33f4 -> 
  custom:video-decoder-webm-vp8: 9c59270c3fd7afecdb556c50c9e8de78 -> 
  custom:audio-decoder-ogg-vorbis: bf7c407c2cedff20999df2af8eb42d56 -> 
  custom:audio-encoder-webm-vorbis: bf7c407c2cedff20999df2af8eb42d56 -> 
========================================================================
Received Import Request.
  path: Assets
  artifactKey: Guid(00000000000000001000000000000000) Importer(815301076,1909f56bfc062723c751e8b465ee728b)
Start importing Assets using Guid(00000000000000001000000000000000) Importer(815301076,1909f56bfc062723c751e8b465ee728b)  -> (artifact id: '42d402b061de3733987d63b9cc3b64de') in 0.004671 seconds 
  Import took 0.007077 seconds .

========================================================================
Received Import Request.
  Time since last request: 5.103532 seconds.
  path: Assets/ImageTracking.cs
  artifactKey: Guid(e3217b1d7061c43459f389ba8dde0825) Importer(815301076,1909f56bfc062723c751e8b465ee728b)
Start importing Assets/ImageTracking.cs using Guid(e3217b1d7061c43459f389ba8dde0825) Importer(815301076,1909f56bfc062723c751e8b465ee728b)  -> (artifact id: 'b96bb92f7690609b96e587d4131822de') in 0.022162 seconds 
  Import took 0.025142 seconds .

========================================================================
Received Prepare
Registering precompiled user dll's ...
Registered in 0.002547 seconds.
Begin MonoManager ReloadAssembly
Native extension for WindowsStandalone target not found
Native extension for WebGL target not found
Refreshing native plugins compatible for Editor in 0.37 ms, found 2 plugins.
Preloading 0 native plugins for Editor in 0.00 ms.
Mono: successfully reloaded assembly
- Completed reload, in  0.880 seconds
Domain Reload Profiling:
	ReloadAssembly (881ms)
		BeginReloadAssembly (108ms)
			ExecutionOrderSort (0ms)
			DisableScriptedObjects (4ms)
			BackupInstance (0ms)
			ReleaseScriptingObjects (0ms)
			CreateAndSetChildDomain (29ms)
		EndReloadAssembly (723ms)
			LoadAssemblies (81ms)
			RebuildTransferFunctionScriptingTraits (0ms)
			SetupTypeCache (270ms)
			ReleaseScriptCaches (1ms)
			RebuildScriptCaches (35ms)
			SetupLoadedEditorAssemblies (259ms)
				LogAssemblyErrors (0ms)
				InitializePlatformSupportModulesInManaged (4ms)
				SetLoadedEditorAssemblies (0ms)
				RefreshPlugins (0ms)
				BeforeProcessingInitializeOnLoad (75ms)
				ProcessInitializeOnLoadAttributes (170ms)
				ProcessInitializeOnLoadMethodAttributes (7ms)
				AfterProcessingInitializeOnLoad (1ms)
				EditorAssembliesLoaded (0ms)
			ExecutionOrderSort2 (0ms)
			AwakeInstancesAfterBackupRestoration (6ms)
Platform modules already initialized, skipping
Switching build target platform(19) subTarget(0) extendedPlatform(0) -> platform(13) subTarget(524288) extendedPlatform(0)
Refreshing native plugins compatible for Editor in 0.37 ms, found 2 plugins.
Preloading 0 native plugins for Editor in 0.00 ms.
Unloading 1843 Unused Serialized files (Serialized files now loaded: 0)
System memory in use before: 78.7 MB.
System memory in use after: 78.8 MB.

Unloading 16 unused Assets to reduce memory usage. Loaded Objects now: 2284.
Total: 2.591700 ms (FindLiveObjects: 0.164900 ms CreateObjectMapping: 0.053400 ms MarkObjects: 2.343400 ms  DeleteObjects: 0.029200 ms)

AssetImportParameters requested are different than current active one (requested -> active):
  custom:framework-win-MediaFoundation: 216162199b28c13a410421893ffa2e32 -> 
  custom:video-decoder-ogg-theora: a1e56fd34408186e4bbccfd4996cb3dc -> 
  custom:container-muxer-webm: aa71ff27fc2769a1b78a27578f13a17b -> 
  custom:container-demuxer-webm: 4f35f7cbe854078d1ac9338744f61a02 -> 
  custom:container-demuxer-ogg: 62fdf1f143b41e24485cea50d1cbac27 -> 
  custom:video-encoder-webm-vp8: eb34c28f22e8b96e1ab97ce403110664 -> 
  custom:video-codec-MediaFoundation-h265: 746d11721c4dcdbdad8f713fa42b33f4 -> 
  custom:video-decoder-webm-vp8: 9c59270c3fd7afecdb556c50c9e8de78 -> 
  custom:graphics/normal-map-encoding: 01000000000000000000000000000000 -> 02000000000000000000000000000000
  custom:audio-decoder-ogg-vorbis: bf7c407c2cedff20999df2af8eb42d56 -> 
  custom:audio-encoder-webm-vorbis: bf7c407c2cedff20999df2af8eb42d56 -> 
========================================================================
Received Import Request.
  Time since last request: 501.843165 seconds.
  path: Assets/book.png
  artifactKey: Guid(04fe8b97be215d7499f798074c462e88) Importer(815301076,1909f56bfc062723c751e8b465ee728b)
Start importing Assets/book.png using Guid(04fe8b97be215d7499f798074c462e88) Importer(815301076,1909f56bfc062723c751e8b465ee728b)  -> (artifact id: '5f1a311a31339764e5474221df6ef6d4') in 0.184361 seconds 
  Import took 0.187526 seconds .

========================================================================
Received Import Request.
  Time since last request: 0.000288 seconds.
  path: Assets/keyboard.png
  artifactKey: Guid(fe8229e3766823d43b53c39634bff0fc) Importer(815301076,1909f56bfc062723c751e8b465ee728b)
Start importing Assets/keyboard.png using Guid(fe8229e3766823d43b53c39634bff0fc) Importer(815301076,1909f56bfc062723c751e8b465ee728b)  -> (artifact id: '191448c4e692a6c388580c196365ad43') in 0.032526 seconds 
  Import took 0.034796 seconds .

========================================================================
Received Import Request.
  Time since last request: 7.330318 seconds.
  path: Assets/Image
  artifactKey: Guid(b4d9d60baf539e941b6060d654284d21) Importer(815301076,1909f56bfc062723c751e8b465ee728b)
Start importing Assets/Image using Guid(b4d9d60baf539e941b6060d654284d21) Importer(815301076,1909f56bfc062723c751e8b465ee728b)  -> (artifact id: 'a37470469ced92ff5097378feb1da601') in 0.001530 seconds 
  Import took 0.004115 seconds .

========================================================================
Received Import Request.
  Time since last request: 15.003496 seconds.
  path: Assets/Image/book.png
  artifactKey: Guid(04fe8b97be215d7499f798074c462e88) Importer(815301076,1909f56bfc062723c751e8b465ee728b)
Start importing Assets/Image/book.png using Guid(04fe8b97be215d7499f798074c462e88) Importer(815301076,1909f56bfc062723c751e8b465ee728b)  -> (artifact id: '5f4a4ffc9d6a8feeebbc1b4c9078d71b') in 0.063429 seconds 
  Import took 0.066024 seconds .

========================================================================
Received Import Request.
  Time since last request: 0.000262 seconds.
  path: Assets/Image/keyboard.png
  artifactKey: Guid(fe8229e3766823d43b53c39634bff0fc) Importer(815301076,1909f56bfc062723c751e8b465ee728b)
Start importing Assets/Image/keyboard.png using Guid(fe8229e3766823d43b53c39634bff0fc) Importer(815301076,1909f56bfc062723c751e8b465ee728b)  -> (artifact id: '452791c3ddd1ae55935f7c0e267d8b62') in 0.011881 seconds 
  Import took 0.014485 seconds .

========================================================================
Received Import Request.
  Time since last request: 42.650158 seconds.
  path: Assets/ReferenceObjectLibrary.asset
  artifactKey: Guid(226b75dab3d39134c91974be8a4f87a0) Importer(815301076,1909f56bfc062723c751e8b465ee728b)
Start importing Assets/ReferenceObjectLibrary.asset using Guid(226b75dab3d39134c91974be8a4f87a0) Importer(815301076,1909f56bfc062723c751e8b465ee728b)  -> (artifact id: '3e79e9d02863c29a7f38222648b5c11b') in 0.005133 seconds 
  Import took 0.008042 seconds .

========================================================================
Received Import Request.
  Time since last request: 7.590430 seconds.
  path: Assets/ReferenceImageLibrary.asset
  artifactKey: Guid(512d882191a430c4f9e2926e05946360) Importer(815301076,1909f56bfc062723c751e8b465ee728b)
Start importing Assets/ReferenceImageLibrary.asset using Guid(512d882191a430c4f9e2926e05946360) Importer(815301076,1909f56bfc062723c751e8b465ee728b)  -> (artifact id: '9d3987ba89abfd68c85c0dea9a3bf043') in 0.016726 seconds 
  Import took 0.019826 seconds .

========================================================================
Received Import Request.
  Time since last request: 761.702282 seconds.
  path: Assets/ImageTracking.cs
  artifactKey: Guid(e3217b1d7061c43459f389ba8dde0825) Importer(815301076,1909f56bfc062723c751e8b465ee728b)
Start importing Assets/ImageTracking.cs using Guid(e3217b1d7061c43459f389ba8dde0825) Importer(815301076,1909f56bfc062723c751e8b465ee728b)  -> (artifact id: 'f348bb86b44d42f1f15d932ff234953c') in 0.001451 seconds 
  Import took 0.004514 seconds .

========================================================================
Received Prepare
Registering precompiled user dll's ...
Registered in 0.002703 seconds.
Begin MonoManager ReloadAssembly
Native extension for WindowsStandalone target not found
Native extension for WebGL target not found
Refreshing native plugins compatible for Editor in 0.37 ms, found 2 plugins.
Preloading 0 native plugins for Editor in 0.00 ms.
Mono: successfully reloaded assembly
- Completed reload, in  0.899 seconds
Domain Reload Profiling:
	ReloadAssembly (900ms)
		BeginReloadAssembly (110ms)
			ExecutionOrderSort (0ms)
			DisableScriptedObjects (4ms)
			BackupInstance (0ms)
			ReleaseScriptingObjects (0ms)
			CreateAndSetChildDomain (35ms)
		EndReloadAssembly (739ms)
			LoadAssemblies (91ms)
			RebuildTransferFunctionScriptingTraits (0ms)
			SetupTypeCache (265ms)
			ReleaseScriptCaches (1ms)
			RebuildScriptCaches (35ms)
			SetupLoadedEditorAssemblies (260ms)
				LogAssemblyErrors (0ms)
				InitializePlatformSupportModulesInManaged (5ms)
				SetLoadedEditorAssemblies (1ms)
				RefreshPlugins (0ms)
				BeforeProcessingInitializeOnLoad (67ms)
				ProcessInitializeOnLoadAttributes (178ms)
				ProcessInitializeOnLoadMethodAttributes (8ms)
				AfterProcessingInitializeOnLoad (2ms)
				EditorAssembliesLoaded (0ms)
			ExecutionOrderSort2 (0ms)
			AwakeInstancesAfterBackupRestoration (6ms)
Platform modules already initialized, skipping
Switching build target platform(19) subTarget(0) extendedPlatform(0) -> platform(13) subTarget(524288) extendedPlatform(0)
Refreshing native plugins compatible for Editor in 0.37 ms, found 2 plugins.
Preloading 0 native plugins for Editor in 0.00 ms.
Unloading 1843 Unused Serialized files (Serialized files now loaded: 0)
System memory in use before: 81.8 MB.
System memory in use after: 81.9 MB.

Unloading 16 unused Assets to reduce memory usage. Loaded Objects now: 2296.
Total: 2.713100 ms (FindLiveObjects: 0.209300 ms CreateObjectMapping: 0.058000 ms MarkObjects: 2.409100 ms  DeleteObjects: 0.035900 ms)

AssetImportParameters requested are different than current active one (requested -> active):
  custom:framework-win-MediaFoundation: 216162199b28c13a410421893ffa2e32 -> 
  custom:video-decoder-ogg-theora: a1e56fd34408186e4bbccfd4996cb3dc -> 
  custom:container-muxer-webm: aa71ff27fc2769a1b78a27578f13a17b -> 
  custom:container-demuxer-webm: 4f35f7cbe854078d1ac9338744f61a02 -> 
  custom:container-demuxer-ogg: 62fdf1f143b41e24485cea50d1cbac27 -> 
  custom:video-encoder-webm-vp8: eb34c28f22e8b96e1ab97ce403110664 -> 
  custom:video-codec-MediaFoundation-h265: 746d11721c4dcdbdad8f713fa42b33f4 -> 
  custom:video-decoder-webm-vp8: 9c59270c3fd7afecdb556c50c9e8de78 -> 
  custom:graphics/normal-map-encoding: 01000000000000000000000000000000 -> 02000000000000000000000000000000
  custom:audio-decoder-ogg-vorbis: bf7c407c2cedff20999df2af8eb42d56 -> 
  custom:audio-encoder-webm-vorbis: bf7c407c2cedff20999df2af8eb42d56 -> 
========================================================================
Received Import Request.
  Time since last request: 42.221762 seconds.
  path: Assets/ReferenceImageLibrary.asset
  artifactKey: Guid(512d882191a430c4f9e2926e05946360) Importer(815301076,1909f56bfc062723c751e8b465ee728b)
Start importing Assets/ReferenceImageLibrary.asset using Guid(512d882191a430c4f9e2926e05946360) Importer(815301076,1909f56bfc062723c751e8b465ee728b)  -> (artifact id: 'e425b7ac2a5426b6c58b0c62fec57bf7') in 0.050221 seconds 
  Import took 0.053408 seconds .

========================================================================
Received Import Request.
  Time since last request: 16.934711 seconds.
  path: Assets/Prefabs/EnemyBase.prefab
  artifactKey: Guid(ae8b265e916e08349932160784ae0930) Importer(815301076,1909f56bfc062723c751e8b465ee728b)
Start importing Assets/Prefabs/EnemyBase.prefab using Guid(ae8b265e916e08349932160784ae0930) Importer(815301076,1909f56bfc062723c751e8b465ee728b)  -> (artifact id: '6a9fead1f85e1e0de1bb4a4cdc29e702') in 0.457613 seconds 
  Import took 0.460826 seconds .

========================================================================
Received Import Request.
  Time since last request: 0.000226 seconds.
  path: Assets/Prefabs/HomeBase.prefab
  artifactKey: Guid(ce993154724db3c4e901115a8757aaea) Importer(815301076,1909f56bfc062723c751e8b465ee728b)
Start importing Assets/Prefabs/HomeBase.prefab using Guid(ce993154724db3c4e901115a8757aaea) Importer(815301076,1909f56bfc062723c751e8b465ee728b)  -> (artifact id: '4356a6fa4f54380457c1b79f105e5572') in 0.214569 seconds 
  Import took 0.217508 seconds .

========================================================================
Received Import Request.
  Time since last request: 13.581597 seconds.
  path: Assets/Prefabs/coffee_book.prefab
  artifactKey: Guid(ce993154724db3c4e901115a8757aaea) Importer(815301076,1909f56bfc062723c751e8b465ee728b)
Start importing Assets/Prefabs/coffee_book.prefab using Guid(ce993154724db3c4e901115a8757aaea) Importer(815301076,1909f56bfc062723c751e8b465ee728b)  -> (artifact id: 'fa3b67f503e5a12cf98e5b9e47716d63') in 0.032494 seconds 
  Import took 0.035695 seconds .

========================================================================
Received Import Request.
  Time since last request: 11.469956 seconds.
  path: Assets/Prefabs/phone_keyboard.prefab
  artifactKey: Guid(ae8b265e916e08349932160784ae0930) Importer(815301076,1909f56bfc062723c751e8b465ee728b)
Start importing Assets/Prefabs/phone_keyboard.prefab using Guid(ae8b265e916e08349932160784ae0930) Importer(815301076,1909f56bfc062723c751e8b465ee728b)  -> (artifact id: 'f6503f69169163f77834d99b270b9fbc') in 0.026960 seconds 
  Import took 0.030669 seconds .

========================================================================
Received Import Request.
  Time since last request: 168.569921 seconds.
  path: Assets/Prefabs/car scene.fbx
  artifactKey: Guid(7d403af7f33bc064e9d059dc7aa8dc4b) Importer(815301076,1909f56bfc062723c751e8b465ee728b)
Start importing Assets/Prefabs/car scene.fbx using Guid(7d403af7f33bc064e9d059dc7aa8dc4b) Importer(815301076,1909f56bfc062723c751e8b465ee728b)  -> (artifact id: '32680376a2681e1c3e934703ba86fb63') in 0.298196 seconds 
  Import took 0.301421 seconds .

========================================================================
Received Import Request.
  Time since last request: 77.521640 seconds.
  path: Assets/Prefabs/car scene.prefab
  artifactKey: Guid(ba95b276c9ae23747ab4867188919947) Importer(815301076,1909f56bfc062723c751e8b465ee728b)
Start importing Assets/Prefabs/car scene.prefab using Guid(ba95b276c9ae23747ab4867188919947) Importer(815301076,1909f56bfc062723c751e8b465ee728b)  -> (artifact id: '3df04bd0c25ba5ba8dd3169a55a1e399') in 0.039941 seconds 
  Import took 0.044387 seconds .

========================================================================
Received Import Request.
  Time since last request: 79.666380 seconds.
  path: Assets/Prefabs/car scene.prefab
  artifactKey: Guid(ba95b276c9ae23747ab4867188919947) Importer(815301076,1909f56bfc062723c751e8b465ee728b)
Start importing Assets/Prefabs/car scene.prefab using Guid(ba95b276c9ae23747ab4867188919947) Importer(815301076,1909f56bfc062723c751e8b465ee728b)  -> (artifact id: 'c1504497dd3c483fc7b626b980e0aaaa') in 0.042266 seconds 
  Import took 0.045439 seconds .

========================================================================
Received Import Request.
  Time since last request: 45.952379 seconds.
  path: Assets/Prefabs/car scene 1.prefab
  artifactKey: Guid(e77311287dba3be4fbdb80ba8ef6833d) Importer(815301076,1909f56bfc062723c751e8b465ee728b)
Start importing Assets/Prefabs/car scene 1.prefab using Guid(e77311287dba3be4fbdb80ba8ef6833d) Importer(815301076,1909f56bfc062723c751e8b465ee728b)  -> (artifact id: 'c983c5a5846461e404c1f1efb5f500e7') in 0.019682 seconds 
  Import took 0.023004 seconds .

========================================================================
Received Import Request.
  Time since last request: 87.174358 seconds.
  path: Assets/Prefabs/book.fbx
  artifactKey: Guid(7d403af7f33bc064e9d059dc7aa8dc4b) Importer(815301076,1909f56bfc062723c751e8b465ee728b)
Start importing Assets/Prefabs/book.fbx using Guid(7d403af7f33bc064e9d059dc7aa8dc4b) Importer(815301076,1909f56bfc062723c751e8b465ee728b)  -> (artifact id: '7f47d095cfd57e0d58a33262a574c301') in 0.392125 seconds 
  Import took 0.395343 seconds .

========================================================================
Received Import Request.
  Time since last request: 3.019982 seconds.
  path: Assets/Prefabs/keyboar.prefab
  artifactKey: Guid(ce993154724db3c4e901115a8757aaea) Importer(815301076,1909f56bfc062723c751e8b465ee728b)
Start importing Assets/Prefabs/keyboar.prefab using Guid(ce993154724db3c4e901115a8757aaea) Importer(815301076,1909f56bfc062723c751e8b465ee728b)  -> (artifact id: 'c441a254d2d6aebda65b037b70ba12a2') in 0.032491 seconds 
  Import took 0.035719 seconds .

========================================================================
Received Import Request.
  Time since last request: 1.963027 seconds.
  path: Assets/Prefabs/keyboard.prefab
  artifactKey: Guid(ce993154724db3c4e901115a8757aaea) Importer(815301076,1909f56bfc062723c751e8b465ee728b)
Start importing Assets/Prefabs/keyboard.prefab using Guid(ce993154724db3c4e901115a8757aaea) Importer(815301076,1909f56bfc062723c751e8b465ee728b)  -> (artifact id: '50595c8dc5e022ced2dcdd332c3a5303') in 0.014590 seconds 
  Import took 0.017966 seconds .

========================================================================
Received Import Request.
  Time since last request: 39.244906 seconds.
  path: Assets/Prefabs
  artifactKey: Guid(3e2087437ec2ead46ae0eff4ebc021ea) Importer(815301076,1909f56bfc062723c751e8b465ee728b)
Start importing Assets/Prefabs using Guid(3e2087437ec2ead46ae0eff4ebc021ea) Importer(815301076,1909f56bfc062723c751e8b465ee728b)  -> (artifact id: 'fdb301ffb1f0f4e7c2eca90539c9162b') in 0.001648 seconds 
  Import took 0.004798 seconds .

========================================================================
Received Prepare
Refreshing native plugins compatible for Editor in 2.33 ms, found 2 plugins.
Preloading 0 native plugins for Editor in 0.00 ms.
Unloading 13 Unused Serialized files (Serialized files now loaded: 0)
System memory in use before: 48.8 MB.
System memory in use after: 48.9 MB.

Unloading 12 unused Assets to reduce memory usage. Loaded Objects now: 2338.
Total: 3.954500 ms (FindLiveObjects: 0.191600 ms CreateObjectMapping: 0.067800 ms MarkObjects: 3.675800 ms  DeleteObjects: 0.017500 ms)

AssetImportParameters requested are different than current active one (requested -> active):
  custom:framework-win-MediaFoundation: 216162199b28c13a410421893ffa2e32 -> 
  custom:video-decoder-ogg-theora: a1e56fd34408186e4bbccfd4996cb3dc -> 
  custom:container-muxer-webm: aa71ff27fc2769a1b78a27578f13a17b -> 
  custom:container-demuxer-webm: 4f35f7cbe854078d1ac9338744f61a02 -> 
  custom:container-demuxer-ogg: 62fdf1f143b41e24485cea50d1cbac27 -> 
  custom:video-encoder-webm-vp8: eb34c28f22e8b96e1ab97ce403110664 -> 
  custom:video-codec-MediaFoundation-h265: 746d11721c4dcdbdad8f713fa42b33f4 -> 
  custom:video-decoder-webm-vp8: 9c59270c3fd7afecdb556c50c9e8de78 -> 
  custom:audio-decoder-ogg-vorbis: bf7c407c2cedff20999df2af8eb42d56 -> 
  custom:audio-encoder-webm-vorbis: bf7c407c2cedff20999df2af8eb42d56 -> 
========================================================================
Received Prepare
Refreshing native plugins compatible for Editor in 2.28 ms, found 2 plugins.
Preloading 0 native plugins for Editor in 0.00 ms.
Unloading 12 Unused Serialized files (Serialized files now loaded: 0)
System memory in use before: 48.7 MB.
System memory in use after: 48.8 MB.

Unloading 12 unused Assets to reduce memory usage. Loaded Objects now: 2338.
Total: 3.499600 ms (FindLiveObjects: 0.342500 ms CreateObjectMapping: 0.114600 ms MarkObjects: 3.025700 ms  DeleteObjects: 0.015300 ms)

AssetImportParameters requested are different than current active one (requested -> active):
  custom:framework-win-MediaFoundation: 216162199b28c13a410421893ffa2e32 -> 
  custom:video-decoder-ogg-theora: a1e56fd34408186e4bbccfd4996cb3dc -> 
  custom:container-muxer-webm: aa71ff27fc2769a1b78a27578f13a17b -> 
  custom:container-demuxer-webm: 4f35f7cbe854078d1ac9338744f61a02 -> 
  custom:container-demuxer-ogg: 62fdf1f143b41e24485cea50d1cbac27 -> 
  custom:video-encoder-webm-vp8: eb34c28f22e8b96e1ab97ce403110664 -> 
  custom:video-codec-MediaFoundation-h265: 746d11721c4dcdbdad8f713fa42b33f4 -> 
  custom:video-decoder-webm-vp8: 9c59270c3fd7afecdb556c50c9e8de78 -> 
  custom:audio-decoder-ogg-vorbis: bf7c407c2cedff20999df2af8eb42d56 -> 
  custom:audio-encoder-webm-vorbis: bf7c407c2cedff20999df2af8eb42d56 -> 
========================================================================
Received Prepare
Refreshing native plugins compatible for Editor in 3.61 ms, found 2 plugins.
Preloading 0 native plugins for Editor in 0.00 ms.
Unloading 12 Unused Serialized files (Serialized files now loaded: 0)
System memory in use before: 48.7 MB.
System memory in use after: 48.9 MB.

Unloading 12 unused Assets to reduce memory usage. Loaded Objects now: 2338.
Total: 5.040800 ms (FindLiveObjects: 0.225000 ms CreateObjectMapping: 0.083300 ms MarkObjects: 4.708700 ms  DeleteObjects: 0.022900 ms)

AssetImportParameters requested are different than current active one (requested -> active):
  custom:framework-win-MediaFoundation: 216162199b28c13a410421893ffa2e32 -> 
  custom:video-decoder-ogg-theora: a1e56fd34408186e4bbccfd4996cb3dc -> 
  custom:container-muxer-webm: aa71ff27fc2769a1b78a27578f13a17b -> 
  custom:container-demuxer-webm: 4f35f7cbe854078d1ac9338744f61a02 -> 
  custom:container-demuxer-ogg: 62fdf1f143b41e24485cea50d1cbac27 -> 
  custom:video-encoder-webm-vp8: eb34c28f22e8b96e1ab97ce403110664 -> 
  custom:video-codec-MediaFoundation-h265: 746d11721c4dcdbdad8f713fa42b33f4 -> 
  custom:video-decoder-webm-vp8: 9c59270c3fd7afecdb556c50c9e8de78 -> 
  custom:audio-decoder-ogg-vorbis: bf7c407c2cedff20999df2af8eb42d56 -> 
  custom:audio-encoder-webm-vorbis: bf7c407c2cedff20999df2af8eb42d56 -> 
========================================================================
Received Import Request.
  Time since last request: 512.374321 seconds.
  path: Assets/Prefabs/book.fbx
  artifactKey: Guid(7d403af7f33bc064e9d059dc7aa8dc4b) Importer(815301076,1909f56bfc062723c751e8b465ee728b)
Start importing Assets/Prefabs/book.fbx using Guid(7d403af7f33bc064e9d059dc7aa8dc4b) Importer(815301076,1909f56bfc062723c751e8b465ee728b)  -> (artifact id: '80cb556744ae711d095d57944a905a90') in 0.313663 seconds 
  Import took 0.317255 seconds .

========================================================================
Received Prepare
Refreshing native plugins compatible for Editor in 2.72 ms, found 2 plugins.
Preloading 0 native plugins for Editor in 0.00 ms.
Unloading 12 Unused Serialized files (Serialized files now loaded: 0)
System memory in use before: 48.7 MB.
System memory in use after: 48.9 MB.

Unloading 12 unused Assets to reduce memory usage. Loaded Objects now: 2338.
Total: 3.632100 ms (FindLiveObjects: 0.215000 ms CreateObjectMapping: 0.154800 ms MarkObjects: 3.243600 ms  DeleteObjects: 0.017100 ms)

AssetImportParameters requested are different than current active one (requested -> active):
  custom:framework-win-MediaFoundation: 216162199b28c13a410421893ffa2e32 -> 
  custom:video-decoder-ogg-theora: a1e56fd34408186e4bbccfd4996cb3dc -> 
  custom:container-muxer-webm: aa71ff27fc2769a1b78a27578f13a17b -> 
  custom:container-demuxer-webm: 4f35f7cbe854078d1ac9338744f61a02 -> 
  custom:container-demuxer-ogg: 62fdf1f143b41e24485cea50d1cbac27 -> 
  custom:video-encoder-webm-vp8: eb34c28f22e8b96e1ab97ce403110664 -> 
  custom:video-codec-MediaFoundation-h265: 746d11721c4dcdbdad8f713fa42b33f4 -> 
  custom:video-decoder-webm-vp8: 9c59270c3fd7afecdb556c50c9e8de78 -> 
  custom:audio-decoder-ogg-vorbis: bf7c407c2cedff20999df2af8eb42d56 -> 
  custom:audio-encoder-webm-vorbis: bf7c407c2cedff20999df2af8eb42d56 -> 
========================================================================
Received Import Request.
  Time since last request: 261.444509 seconds.
  path: Assets/Prefabs/book.fbx
  artifactKey: Guid(7d403af7f33bc064e9d059dc7aa8dc4b) Importer(815301076,1909f56bfc062723c751e8b465ee728b)
Start importing Assets/Prefabs/book.fbx using Guid(7d403af7f33bc064e9d059dc7aa8dc4b) Importer(815301076,1909f56bfc062723c751e8b465ee728b)  -> (artifact id: 'f00e56250d5cac810513f513e4e7baf9') in 0.290204 seconds 
  Import took 0.293342 seconds .

========================================================================
Received Prepare
Refreshing native plugins compatible for Editor in 3.09 ms, found 2 plugins.
Preloading 0 native plugins for Editor in 0.00 ms.
Unloading 12 Unused Serialized files (Serialized files now loaded: 0)
System memory in use before: 48.8 MB.
System memory in use after: 48.9 MB.

Unloading 12 unused Assets to reduce memory usage. Loaded Objects now: 2338.
Total: 3.908700 ms (FindLiveObjects: 0.208300 ms CreateObjectMapping: 0.073700 ms MarkObjects: 3.609300 ms  DeleteObjects: 0.016400 ms)

AssetImportParameters requested are different than current active one (requested -> active):
  custom:framework-win-MediaFoundation: 216162199b28c13a410421893ffa2e32 -> 
  custom:video-decoder-ogg-theora: a1e56fd34408186e4bbccfd4996cb3dc -> 
  custom:container-muxer-webm: aa71ff27fc2769a1b78a27578f13a17b -> 
  custom:container-demuxer-webm: 4f35f7cbe854078d1ac9338744f61a02 -> 
  custom:container-demuxer-ogg: 62fdf1f143b41e24485cea50d1cbac27 -> 
  custom:video-encoder-webm-vp8: eb34c28f22e8b96e1ab97ce403110664 -> 
  custom:video-codec-MediaFoundation-h265: 746d11721c4dcdbdad8f713fa42b33f4 -> 
  custom:video-decoder-webm-vp8: 9c59270c3fd7afecdb556c50c9e8de78 -> 
  custom:audio-decoder-ogg-vorbis: bf7c407c2cedff20999df2af8eb42d56 -> 
  custom:audio-encoder-webm-vorbis: bf7c407c2cedff20999df2af8eb42d56 -> 
AssetImportWorkerClient::OnTransportError - code=2 error=End of file
